<?xml version="1.0" encoding="UTF-8"?>
<!-- Generated by org.testng.reporters.JUnitXMLReporter -->
<testsuite ignored="0" hostname="DESKTOP-A942O01" failures="0" tests="4" name="Default test" time="4.481" errors="0" timestamp="2025-04-10T01:09:38 IST">
  <testcase classname="tests.LoginTest" name="testLogin" time="0.983"/>
  <testcase classname="tests.LoginTest" name="testLogin" time="0.527"/>
  <testcase classname="tests.LoginTest" name="testLogin" time="0.559"/>
  <testcase classname="tests.LoginTest" name="testLogin" time="0.596"/>
</testsuite> <!-- Default test -->
