<?xml version="1.0" encoding="UTF-8"?>
<testng-results ignored="0" total="4" passed="4" failed="0" skipped="0">
  <reporter-output>
  </reporter-output>
  <suite started-at="2025-04-10T20:25:05 IST" name="Listeners Test" finished-at="2025-04-10T20:25:10 IST" duration-ms="4574">
    <groups>
    </groups>
    <test started-at="2025-04-10T20:25:05 IST" name="Listeners Test" finished-at="2025-04-10T20:25:10 IST" duration-ms="4574">
      <class name="tests.LoginTest">
        <test-method is-config="true" signature="setup()[pri:0, instance:tests.LoginTest@1fde5d22]" started-at="2025-04-10T20:25:02 IST" name="setup" finished-at="2025-04-10T20:25:05 IST" duration-ms="3503" status="PASS">
          <reporter-output>
          </reporter-output>
        </test-method> <!-- setup -->
        <test-method signature="testLogin(java.lang.String,java.lang.String)[pri:0, instance:tests.LoginTest@1fde5d22]" started-at="2025-04-10T20:25:07 IST" name="testLogin" data-provider="loginData" finished-at="2025-04-10T20:25:08 IST" duration-ms="1089" status="PASS">
          <params>
            <param index="0">
              <value>
                <![CDATA[ankitredhu]]>
              </value>
            </param>
            <param index="1">
              <value>
                <![CDATA[Igrah]]>
              </value>
            </param>
          </params>
          <reporter-output>
          </reporter-output>
        </test-method> <!-- testLogin -->
        <test-method signature="testLogin(java.lang.String,java.lang.String)[pri:0, instance:tests.LoginTest@1fde5d22]" started-at="2025-04-10T20:25:08 IST" name="testLogin" data-provider="loginData" finished-at="2025-04-10T20:25:08 IST" duration-ms="615" status="PASS">
          <params>
            <param index="0">
              <value>
                <![CDATA[aanuamor]]>
              </value>
            </param>
            <param index="1">
              <value>
                <![CDATA[Jind]]>
              </value>
            </param>
          </params>
          <reporter-output>
          </reporter-output>
        </test-method> <!-- testLogin -->
        <test-method signature="testLogin(java.lang.String,java.lang.String)[pri:0, instance:tests.LoginTest@1fde5d22]" started-at="2025-04-10T20:25:08 IST" name="testLogin" data-provider="loginData" finished-at="2025-04-10T20:25:09 IST" duration-ms="526" status="PASS">
          <params>
            <param index="0">
              <value>
                <![CDATA[Skyusername]]>
              </value>
            </param>
            <param index="1">
              <value>
                <![CDATA[SkyPassword]]>
              </value>
            </param>
          </params>
          <reporter-output>
          </reporter-output>
        </test-method> <!-- testLogin -->
        <test-method signature="testLogin(java.lang.String,java.lang.String)[pri:0, instance:tests.LoginTest@1fde5d22]" started-at="2025-04-10T20:25:09 IST" name="testLogin" data-provider="loginData" finished-at="2025-04-10T20:25:10 IST" duration-ms="595" status="PASS">
          <params>
            <param index="0">
              <value>
                <![CDATA[Skyusername]]>
              </value>
            </param>
            <param index="1">
              <value>
                <![CDATA[SkyPassword]]>
              </value>
            </param>
          </params>
          <reporter-output>
          </reporter-output>
        </test-method> <!-- testLogin -->
        <test-method is-config="true" signature="tearDown()[pri:0, instance:tests.LoginTest@1fde5d22]" started-at="2025-04-10T20:25:10 IST" name="tearDown" finished-at="2025-04-10T20:25:11 IST" duration-ms="407" status="PASS">
          <reporter-output>
          </reporter-output>
        </test-method> <!-- tearDown -->
      </class> <!-- tests.LoginTest -->
    </test> <!-- Listeners Test -->
  </suite> <!-- Listeners Test -->
</testng-results>
