<?xml version="1.0" encoding="UTF-8"?>
<testng-results ignored="0" total="4" passed="4" failed="0" skipped="0">
  <reporter-output>
  </reporter-output>
  <suite started-at="2025-04-10T01:09:33 IST" name="Default suite" finished-at="2025-04-10T01:09:38 IST" duration-ms="4481">
    <groups>
    </groups>
    <test started-at="2025-04-10T01:09:33 IST" name="Default test" finished-at="2025-04-10T01:09:38 IST" duration-ms="4481">
      <class name="tests.LoginTest">
        <test-method is-config="true" signature="setup()[pri:0, instance:tests.LoginTest@6fa51cd4]" started-at="2025-04-10T01:09:30 IST" name="setup" finished-at="2025-04-10T01:09:33 IST" duration-ms="3690" status="PASS">
          <reporter-output>
          </reporter-output>
        </test-method> <!-- setup -->
        <test-method signature="testLogin(java.lang.String,java.lang.String)[pri:0, instance:tests.LoginTest@6fa51cd4]" started-at="2025-04-10T01:09:35 IST" name="testLogin" data-provider="loginData" finished-at="2025-04-10T01:09:36 IST" duration-ms="983" status="PASS">
          <params>
            <param index="0">
              <value>
                <![CDATA[ankitredhu]]>
              </value>
            </param>
            <param index="1">
              <value>
                <![CDATA[Igrah]]>
              </value>
            </param>
          </params>
          <reporter-output>
          </reporter-output>
        </test-method> <!-- testLogin -->
        <test-method signature="testLogin(java.lang.String,java.lang.String)[pri:0, instance:tests.LoginTest@6fa51cd4]" started-at="2025-04-10T01:09:36 IST" name="testLogin" data-provider="loginData" finished-at="2025-04-10T01:09:37 IST" duration-ms="527" status="PASS">
          <params>
            <param index="0">
              <value>
                <![CDATA[aanuamor]]>
              </value>
            </param>
            <param index="1">
              <value>
                <![CDATA[Jind]]>
              </value>
            </param>
          </params>
          <reporter-output>
          </reporter-output>
        </test-method> <!-- testLogin -->
        <test-method signature="testLogin(java.lang.String,java.lang.String)[pri:0, instance:tests.LoginTest@6fa51cd4]" started-at="2025-04-10T01:09:37 IST" name="testLogin" data-provider="loginData" finished-at="2025-04-10T01:09:37 IST" duration-ms="559" status="PASS">
          <params>
            <param index="0">
              <value>
                <![CDATA[Skyusername]]>
              </value>
            </param>
            <param index="1">
              <value>
                <![CDATA[SkyPassword]]>
              </value>
            </param>
          </params>
          <reporter-output>
          </reporter-output>
        </test-method> <!-- testLogin -->
        <test-method signature="testLogin(java.lang.String,java.lang.String)[pri:0, instance:tests.LoginTest@6fa51cd4]" started-at="2025-04-10T01:09:37 IST" name="testLogin" data-provider="loginData" finished-at="2025-04-10T01:09:38 IST" duration-ms="596" status="PASS">
          <params>
            <param index="0">
              <value>
                <![CDATA[Skyusername]]>
              </value>
            </param>
            <param index="1">
              <value>
                <![CDATA[SkyPassword]]>
              </value>
            </param>
          </params>
          <reporter-output>
          </reporter-output>
        </test-method> <!-- testLogin -->
        <test-method is-config="true" signature="tearDown()[pri:0, instance:tests.LoginTest@6fa51cd4]" started-at="2025-04-10T01:09:38 IST" name="tearDown" finished-at="2025-04-10T01:09:38 IST" duration-ms="355" status="PASS">
          <reporter-output>
          </reporter-output>
        </test-method> <!-- tearDown -->
      </class> <!-- tests.LoginTest -->
    </test> <!-- Default test -->
  </suite> <!-- Default suite -->
</testng-results>
