<?xml version="1.0" encoding="UTF-8"?>
<!-- Generated by org.testng.reporters.JUnitXMLReporter -->
<testsuite ignored="0" hostname="DESKTOP-A942O01" failures="0" tests="4" name="Listeners Test" time="4.861" errors="0" timestamp="2025-04-10T18:02:16 IST">
  <testcase classname="tests.LoginTest" name="testLogin" time="1.006"/>
  <testcase classname="tests.LoginTest" name="testLogin" time="0.786"/>
  <testcase classname="tests.LoginTest" name="testLogin" time="0.692"/>
  <testcase classname="tests.LoginTest" name="testLogin" time="0.71"/>
</testsuite> <!-- Listeners Test -->
